[GIN-debug] [WARNING] Creating an Engine instance with the Logger and Recovery middleware already attached.

[GIN-debug] [WARNING] Running in "debug" mode. Switch to "release" mode in production.
 - using env:	export GIN_MODE=release
 - using code:	gin.SetMode(gin.ReleaseMode)

[GIN-debug] POST   /api/v1/login             --> movie-microservice/m/controllers.(*Movie).Login-fm (3 handlers)
[GIN-debug] GET    /api/v1/movies/list       --> movie-microservice/m/controllers.(*Movie).ListMovies-fm (3 handlers)
[GIN-debug] POST   /api/v1/movies            --> movie-microservice/m/controllers.(*Movie).AddMovie-fm (4 handlers)
[GIN-debug] GET    /swagger/*any             --> github.com/swaggo/gin-swagger.CustomWrapHandler.func1 (3 handlers)
[GIN-debug] [WARNING] You trusted all proxies, this is NOT safe. We recommend you to set a value.
Please check https://pkg.go.dev/github.com/gin-gonic/gin#readme-don-t-trust-all-proxies for details.
[GIN-debug] Listening and serving HTTP on :8809
[GIN] 2022/10/07 - 10:59:31 | 200 |       8.743ms |             ::1 | POST     "/api/v1/login"
[GIN] 2022/10/07 - 10:59:38 | 200 |    1.058625ms |             ::1 | POST     "/api/v1/login"
[GIN] 2022/10/07 - 11:06:44 | 200 |     821.416µs |             ::1 | GET      "/swagger/index.html"
[GIN] 2022/10/07 - 11:06:44 | 200 |     250.625µs |             ::1 | GET      "/swagger/swagger-ui.css"
[GIN] 2022/10/07 - 11:06:44 | 200 |     650.166µs |             ::1 | GET      "/swagger/swagger-ui-standalone-preset.js"
[GIN] 2022/10/07 - 11:06:44 | 200 |    1.570125ms |             ::1 | GET      "/swagger/swagger-ui-bundle.js"
[GIN] 2022/10/07 - 11:06:44 | 200 |       325.5µs |             ::1 | GET      "/swagger/doc.json"
[GIN] 2022/10/07 - 11:07:17 | 200 |     181.375µs |             ::1 | GET      "/swagger/index.html"
[GIN] 2022/10/07 - 11:07:17 | 200 |     268.708µs |             ::1 | GET      "/swagger/swagger-ui.css"
[GIN] 2022/10/07 - 11:07:17 | 200 |      295.25µs |             ::1 | GET      "/swagger/swagger-ui-standalone-preset.js"
[GIN] 2022/10/07 - 11:07:17 | 200 |      817.25µs |             ::1 | GET      "/swagger/swagger-ui-bundle.js"
[GIN] 2022/10/07 - 11:07:17 | 200 |     247.667µs |             ::1 | GET      "/swagger/doc.json"
[GIN] 2022/10/07 - 11:10:55 | 200 |    2.559916ms |             ::1 | POST     "/api/v1/login"
[GIN] 2022/10/07 - 11:11:11 | 200 |     3.47725ms |             ::1 | GET      "/api/v1/movies/list"
[GIN] 2022/10/07 - 11:11:42 | 200 |   21.027208ms |             ::1 | POST     "/api/v1/movies"
[GIN] 2022/10/07 - 11:11:46 | 200 |     549.125µs |             ::1 | GET      "/api/v1/movies/list"
[GIN] 2022/10/07 - 11:11:57 | 200 |   18.790625ms |             ::1 | POST     "/api/v1/movies"
[GIN] 2022/10/07 - 11:11:58 | 200 |      34.971ms |             ::1 | POST     "/api/v1/movies"
[GIN] 2022/10/07 - 11:12:02 | 200 |     527.209µs |             ::1 | GET      "/api/v1/movies/list"
[GIN] 2022/10/07 - 11:12:23 | 200 |   18.867666ms |             ::1 | POST     "/api/v1/movies"
[GIN] 2022/10/07 - 11:12:26 | 200 |     671.916µs |             ::1 | GET      "/api/v1/movies/list"
